<?xml version="1.0" encoding="UTF-8" standalone="no"?>
<!DOCTYPE log SYSTEM "logger.dtd">
<head/><log>
<record>
  <date>2016-09-28T16:19:26.517-0300</date>
  <logger>IGOR BRASILEIRO DUARTE</logger>
  <level>FINE</level>
  <message>File 114210792-IGOR BRASILEIRO DUARTE.zip was received. It was sent by IGOR BRASILEIRO DUARTE from IP 127.0.1.1</message>
</record>
</log>
<?xml version="1.0" encoding="UTF-8" standalone="no"?>
<!DOCTYPE log SYSTEM "logger.dtd">
<log>
<record>
  <date>2016-09-28T20:42:04.809-0300</date>
  <logger>IGOR BRASILEIRO DUARTE</logger>
  <level>FINE</level>
  <message>File 114210792-IGOR BRASILEIRO DUARTE.zip was received. It was sent by IGOR BRASILEIRO DUARTE from IP 127.0.1.1</message>
</record>
</log>
<?xml version="1.0" encoding="UTF-8" standalone="no"?>
<!DOCTYPE log SYSTEM "logger.dtd">
<log>
<record>
  <date>2016-09-28T20:43:33.956-0300</date>
  <logger>IGOR BRASILEIRO DUARTE</logger>
  <level>FINE</level>
  <message>File 114210792-IGOR BRASILEIRO DUARTE.zip was received. It was sent by IGOR BRASILEIRO DUARTE from IP 127.0.1.1</message>
</record>
</log>
<?xml version="1.0" encoding="UTF-8" standalone="no"?>
<!DOCTYPE log SYSTEM "logger.dtd">
<log>
<record>
  <date>2016-09-28T20:43:51.106-0300</date>
  <logger>IGOR BRASILEIRO DUARTE</logger>
  <level>FINE</level>
  <message>File 114210792-IGOR BRASILEIRO DUARTE.zip was received. It was sent by IGOR BRASILEIRO DUARTE from IP 127.0.1.1</message>
</record>
</log>
<?xml version="1.0" encoding="UTF-8" standalone="no"?>
<!DOCTYPE log SYSTEM "logger.dtd">
<log>
<record>
  <date>2016-09-28T23:09:54.658-0300</date>
  <logger>IGOR BRASILEIRO DUARTE</logger>
  <level>FINE</level>
  <message>File 114210792-IGOR BRASILEIRO DUARTE.zip was received. It was sent by IGOR BRASILEIRO DUARTE from IP 127.0.1.1</message>
</record>
