<?xml version="1.0" encoding="UTF-8" standalone="no"?>
<!DOCTYPE log SYSTEM "logger.dtd">
<head/><log>
<record>
  <date>2016-09-14T19:20:14.124-0300</date>
  <logger>IGOR BRASILEIRO DUARTE</logger>
  <level>FINE</level>
  <message>File 114210792-IGOR BRASILEIRO DUARTE.zip was received. It was sent by IGOR BRASILEIRO DUARTE from IP 127.0.1.1</message>
</record>
</log>
<?xml version="1.0" encoding="UTF-8" standalone="no"?>
<!DOCTYPE log SYSTEM "logger.dtd">
<log>
<record>
  <date>2016-09-14T20:52:02.823-0300</date>
  <logger>IGOR BRASILEIRO DUARTE</logger>
  <level>FINE</level>
  <message>File 114210792-IGOR BRASILEIRO DUARTE.zip was received. It was sent by IGOR BRASILEIRO DUARTE from IP 127.0.1.1</message>
</record>
</log>
<?xml version="1.0" encoding="UTF-8" standalone="no"?>
<!DOCTYPE log SYSTEM "logger.dtd">
<log>
<record>
  <date>2016-09-14T20:52:39.655-0300</date>
  <logger>IGOR BRASILEIRO DUARTE</logger>
  <level>FINE</level>
  <message>File 114210792-IGOR BRASILEIRO DUARTE.zip was received. It was sent by IGOR BRASILEIRO DUARTE from IP 127.0.1.1</message>
</record>
</log>
<?xml version="1.0" encoding="UTF-8" standalone="no"?>
<!DOCTYPE log SYSTEM "logger.dtd">
<log>
<record>
  <date>2016-09-14T22:53:45.271-0300</date>
  <logger>IGOR BRASILEIRO DUARTE</logger>
  <level>FINE</level>
  <message>File 114210792-IGOR BRASILEIRO DUARTE.zip was received. It was sent by IGOR BRASILEIRO DUARTE from IP 127.0.1.1</message>
</record>
