<?xml version="1.0" encoding="UTF-8" standalone="no"?>
<!DOCTYPE log SYSTEM "logger.dtd">
<head/><log>
<record>
  <date>2016-09-26T14:26:14.142-0300</date>
  <logger>IGOR BRASILEIRO DUARTE</logger>
  <level>FINE</level>
  <message>File 114210792-IGOR BRASILEIRO DUARTE.zip was received. It was sent by IGOR BRASILEIRO DUARTE from IP 150.165.74.127</message>
</record>
</log>
<?xml version="1.0" encoding="UTF-8" standalone="no"?>
<!DOCTYPE log SYSTEM "logger.dtd">
<log>
<record>
  <date>2016-09-26T20:07:59.487-0300</date>
  <logger>IGOR BRASILEIRO DUARTE</logger>
  <level>FINE</level>
  <message>File 114210792-IGOR BRASILEIRO DUARTE.zip was received. It was sent by IGOR BRASILEIRO DUARTE from IP 127.0.1.1</message>
</record>
</log>
<?xml version="1.0" encoding="UTF-8" standalone="no"?>
<!DOCTYPE log SYSTEM "logger.dtd">
<log>
<record>
  <date>2016-09-26T23:51:52.218-0300</date>
  <logger>IGOR BRASILEIRO DUARTE</logger>
  <level>FINE</level>
  <message>File 114210792-IGOR BRASILEIRO DUARTE.zip was received. It was sent by IGOR BRASILEIRO DUARTE from IP 127.0.1.1</message>
</record>
</log>
<?xml version="1.0" encoding="UTF-8" standalone="no"?>
<!DOCTYPE log SYSTEM "logger.dtd">
<log>
<record>
  <date>2016-09-26T23:51:52.317-0300</date>
  <logger>IGOR BRASILEIRO DUARTE</logger>
  <level>FINE</level>
  <message>File 114210792-IGOR BRASILEIRO DUARTE.zip was received. It was sent by IGOR BRASILEIRO DUARTE from IP 127.0.1.1</message>
</record>
</log>
<?xml version="1.0" encoding="UTF-8" standalone="no"?>
<!DOCTYPE log SYSTEM "logger.dtd">
<log>
<record>
  <date>2016-09-27T21:38:41.280-0300</date>
  <logger>IGOR BRASILEIRO DUARTE</logger>
  <level>FINE</level>
  <message>File 114210792-IGOR BRASILEIRO DUARTE.zip was received. It was sent by IGOR BRASILEIRO DUARTE from IP 127.0.1.1</message>
</record>
</log>
<?xml version="1.0" encoding="UTF-8" standalone="no"?>
<!DOCTYPE log SYSTEM "logger.dtd">
<log>
<record>
  <date>2016-09-27T21:39:47.558-0300</date>
  <logger>IGOR BRASILEIRO DUARTE</logger>
  <level>FINE</level>
  <message>File 114210792-IGOR BRASILEIRO DUARTE.zip was received. It was sent by IGOR BRASILEIRO DUARTE from IP 127.0.1.1</message>
</record>
</log>
<?xml version="1.0" encoding="UTF-8" standalone="no"?>
<!DOCTYPE log SYSTEM "logger.dtd">
<log>
<record>
  <date>2016-09-27T21:44:29.302-0300</date>
  <logger>IGOR BRASILEIRO DUARTE</logger>
  <level>FINE</level>
  <message>File 114210792-IGOR BRASILEIRO DUARTE.zip was received. It was sent by IGOR BRASILEIRO DUARTE from IP 127.0.1.1</message>
</record>
</log>
<?xml version="1.0" encoding="UTF-8" standalone="no"?>
<!DOCTYPE log SYSTEM "logger.dtd">
<log>
<record>
  <date>2016-09-27T23:09:27.732-0300</date>
  <logger>IGOR BRASILEIRO DUARTE</logger>
  <level>FINE</level>
  <message>File 114210792-IGOR BRASILEIRO DUARTE.zip was received. It was sent by IGOR BRASILEIRO DUARTE from IP 127.0.1.1</message>
</record>
</log>
<?xml version="1.0" encoding="UTF-8" standalone="no"?>
<!DOCTYPE log SYSTEM "logger.dtd">
<log>
<record>
  <date>2016-09-27T23:19:06.151-0300</date>
  <logger>IGOR BRASILEIRO DUARTE</logger>
  <level>FINE</level>
  <message>File 114210792-IGOR BRASILEIRO DUARTE.zip was received. It was sent by IGOR BRASILEIRO DUARTE from IP 127.0.1.1</message>
</record>
</log>
<?xml version="1.0" encoding="UTF-8" standalone="no"?>
<!DOCTYPE log SYSTEM "logger.dtd">
<log>
<record>
  <date>2016-09-28T00:10:24.666-0300</date>
  <logger>IGOR BRASILEIRO DUARTE</logger>
  <level>FINE</level>
  <message>File 114210792-IGOR BRASILEIRO DUARTE.zip was received. It was sent by IGOR BRASILEIRO DUARTE from IP 127.0.1.1</message>
</record>
