<?xml version="1.0" encoding="UTF-8" standalone="no"?>
<!DOCTYPE log SYSTEM "logger.dtd">
<head/><log>
<record>
  <date>2016-08-10T17:41:35.666-0300</date>
  <logger>IGOR BRASILEIRO DUARTE</logger>
  <level>FINE</level>
  <message>File 114210792-IGOR BRASILEIRO DUARTE.zip was received. It was sent by IGOR BRASILEIRO DUARTE from IP 192.168.13.6</message>
</record>
</log>
<?xml version="1.0" encoding="UTF-8" standalone="no"?>
<!DOCTYPE log SYSTEM "logger.dtd">
<log>
<record>
  <date>2016-08-10T17:43:01.841-0300</date>
  <logger>IGOR BRASILEIRO DUARTE</logger>
  <level>FINE</level>
  <message>File 114210792-IGOR BRASILEIRO DUARTE.zip was received. It was sent by IGOR BRASILEIRO DUARTE from IP 192.168.13.6</message>
</record>
</log>
<?xml version="1.0" encoding="UTF-8" standalone="no"?>
<!DOCTYPE log SYSTEM "logger.dtd">
<log>
<record>
  <date>2016-08-10T17:44:44.390-0300</date>
  <logger>IGOR BRASILEIRO DUARTE</logger>
  <level>FINE</level>
  <message>File 114210792-IGOR BRASILEIRO DUARTE.zip was received. It was sent by IGOR BRASILEIRO DUARTE from IP 192.168.13.6</message>
</record>
