<?xml version="1.0" encoding="UTF-8" standalone="no"?>
<!DOCTYPE log SYSTEM "logger.dtd">
<head/><log>
<record>
  <date>2016-09-21T16:33:02.105-0300</date>
  <logger>IGOR BRASILEIRO DUARTE</logger>
  <level>FINE</level>
  <message>File 114210792-IGOR BRASILEIRO DUARTE.zip was received. It was sent by IGOR BRASILEIRO DUARTE from IP 127.0.1.1</message>
</record>
</log>
<?xml version="1.0" encoding="UTF-8" standalone="no"?>
<!DOCTYPE log SYSTEM "logger.dtd">
<log>
<record>
  <date>2016-09-21T16:33:02.165-0300</date>
  <logger>IGOR BRASILEIRO DUARTE</logger>
  <level>FINE</level>
  <message>File 114210792-IGOR BRASILEIRO DUARTE.zip was received. It was sent by IGOR BRASILEIRO DUARTE from IP 127.0.1.1</message>
</record>
</log>
<?xml version="1.0" encoding="UTF-8" standalone="no"?>
<!DOCTYPE log SYSTEM "logger.dtd">
<log>
<record>
  <date>2016-09-21T21:11:38.030-0300</date>
  <logger>IGOR BRASILEIRO DUARTE</logger>
  <level>FINE</level>
  <message>File 114210792-IGOR BRASILEIRO DUARTE.zip was received. It was sent by IGOR BRASILEIRO DUARTE from IP 127.0.1.1</message>
</record>
</log>
<?xml version="1.0" encoding="UTF-8" standalone="no"?>
<!DOCTYPE log SYSTEM "logger.dtd">
<log>
<record>
  <date>2016-09-21T23:15:55.400-0300</date>
  <logger>IGOR BRASILEIRO DUARTE</logger>
  <level>FINE</level>
  <message>File 114210792-IGOR BRASILEIRO DUARTE.zip was received. It was sent by IGOR BRASILEIRO DUARTE from IP 127.0.1.1</message>
</record>
